0 info it worked if it ends with ok
1 verbose cli [ 'c:\\Users\\SW102\\nodist/v/0.12.4/node.exe',
1 verbose cli   'c:\\Users\\SW102\\nodist\\bin\\node_modules\\npm\\bin\\npm-cli.js',
1 verbose cli   'info',
1 verbose cli   'date-utlis' ]
2 info using npm@1.4.6
3 info using node@v0.12.4
4 verbose node symlink c:\Users\SW102\nodist/v/0.12.4/node.exe
5 verbose url raw date-utlis
6 verbose url resolving [ 'https://registry.npmjs.org/', './date-utlis' ]
7 verbose url resolved https://registry.npmjs.org/date-utlis
8 info trying registry request attempt 1 at 17:20:06
9 http GET https://registry.npmjs.org/date-utlis
10 http 404 https://registry.npmjs.org/date-utlis
11 silly registry.get cb [ 404,
11 silly registry.get   { server: 'CouchDB/1.5.0 (Erlang OTP/R16B03)',
11 silly registry.get     'content-type': 'application/json',
11 silly registry.get     'cache-control': 'max-age=0',
11 silly registry.get     'content-length': '51',
11 silly registry.get     'accept-ranges': 'bytes',
11 silly registry.get     date: 'Tue, 21 Jul 2015 08:21:31 GMT',
11 silly registry.get     via: '1.1 varnish',
11 silly registry.get     connection: 'close',
11 silly registry.get     'x-served-by': 'cache-nrt6126-NRT',
11 silly registry.get     'x-cache': 'MISS',
11 silly registry.get     'x-cache-hits': '0',
11 silly registry.get     'x-timer': 'S1437466891.115979,VS0,VE126' } ]
12 error 404 'date-utlis' is not in the npm registry.
12 error 404 You should bug the author to publish it
12 error 404
12 error 404 Note that you can also install from a
12 error 404 tarball, folder, or http url, or git url.
13 error System Windows_NT 6.3.9600
14 error command "c:\\Users\\SW102\\nodist/v/0.12.4/node.exe" "c:\\Users\\SW102\\nodist\\bin\\node_modules\\npm\\bin\\npm-cli.js" "info" "date-utlis"
15 error cwd C:\Users\SW102\Desktop\chatask_loginpart
16 error node -v v0.12.4
17 error npm -v 1.4.6
18 error code E404
19 verbose exit [ 1, true ]
